<?xml version="1.0" encoding="UTF-8"?>
<!-- Generated by org.testng.reporters.JUnitXMLReporter -->
<testsuite ignored="1" hostname="CDC2-L-9B7RHG3" failures="0" tests="1" name="Default test" time="2.688" errors="0" timestamp="2023-12-07T20:20:17 IST">
  <testcase classname="tests.SchemaValidation" name="xmlSchemaValidation" time="2.601"/>
  <testcase classname="tests.SchemaValidation" name="jsonSchemaValidation" time="0.0">
    <ignored/>
  </testcase> <!-- jsonSchemaValidation -->
</testsuite> <!-- Default test -->
