<?xml version="1.0" encoding="UTF-8"?>
<!-- Generated by org.testng.reporters.JUnitXMLReporter -->
<testsuite ignored="0" hostname="CDC2-L-9B7RHG3" failures="0" tests="4" name="Default test" time="4.76" errors="0" timestamp="2023-12-06T18:53:47 IST">
  <testcase classname="tests.FirstTest" name="postCallSample1" time="3.149"/>
  <testcase classname="tests.FirstTest" name="putMethod1" time="0.67"/>
  <testcase classname="tests.FirstTest" name="deleteMethod1" time="0.627"/>
  <testcase classname="tests.FirstTest" name="getMethod1" time="0.249"/>
</testsuite> <!-- Default test -->
