<?xml version="1.0" encoding="UTF-8"?>
<!-- Generated by org.testng.reporters.JUnitXMLReporter -->
<testsuite ignored="2" hostname="CDC2-L-9B7RHG3" failures="1" tests="1" name="Test" time="0.065" errors="0" timestamp="2023-12-06T18:23:26 IST">
  <testcase classname="tests.FirstTest" name="putCallSample1" time="0.0">
    <failure type="org.testng.TestNGException" message="
Cannot inject @Test annotated Method [putCallSample1] with [int].
For more information on native dependency injection please refer to https://testng.org/doc/documentation-main.html#native-dependency-injection">
      <![CDATA[org.testng.TestNGException: 
Cannot inject @Test annotated Method [putCallSample1] with [int].
For more information on native dependency injection please refer to https://testng.org/doc/documentation-main.html#native-dependency-injection
at java.base/java.util.ArrayList.forEach(ArrayList.java:1511)
... Removed 26 stack frames]]>
    </failure>
  </testcase> <!-- putCallSample1 -->
  <testcase classname="tests.FirstTest" name="getCallSample1" time="0.0">
    <ignored/>
  </testcase> <!-- getCallSample1 -->
  <testcase classname="tests.FirstTest" name="myFirstCode" time="0.0">
    <ignored/>
  </testcase> <!-- myFirstCode -->
</testsuite> <!-- Test -->
