<?xml version="1.0" encoding="UTF-8"?>
<!-- Generated by org.testng.reporters.JUnitXMLReporter -->
<testsuite ignored="0" hostname="CDC2-L-9B7RHG3" failures="0" tests="4" name="Test" time="5.613" errors="0" timestamp="2023-12-08T18:39:15 IST">
  <testcase classname="apiChaining.CreateUser" name="createUser" time="3.364"/>
  <testcase classname="apiChaining.GetUser" name="createUser" time="0.739"/>
  <testcase classname="apiChaining.UpdateUser" name="createUser" time="0.763"/>
  <testcase classname="apiChaining.DeleteUser" name="createUser" time="0.669"/>
</testsuite> <!-- Test -->
