<?xml version="1.0" encoding="UTF-8"?>
<testng-results ignored="2" total="3" passed="1" failed="0" skipped="0">
  <reporter-output>
  </reporter-output>
  <suite started-at="2023-12-07T17:56:16 IST" name="Default suite" finished-at="2023-12-07T17:56:19 IST" duration-ms="3099">
    <groups>
    </groups>
    <test started-at="2023-12-07T17:56:16 IST" name="Default test" finished-at="2023-12-07T17:56:19 IST" duration-ms="3099">
      <class name="tests.XmlResponseValidation">
        <test-method signature="validationBodyArray()[pri:0, instance:tests.XmlResponseValidation@37d4349f]" started-at="2023-12-07T17:56:16 IST" name="validationBodyArray" finished-at="2023-12-07T17:56:19 IST" duration-ms="3036" status="PASS">
          <reporter-output>
          </reporter-output>
        </test-method> <!-- validationBodyArray -->
      </class> <!-- tests.XmlResponseValidation -->
    </test> <!-- Default test -->
  </suite> <!-- Default suite -->
</testng-results>
