<?xml version="1.0" encoding="UTF-8"?>
<testng-results ignored="1" total="2" passed="1" failed="0" skipped="0">
  <reporter-output>
  </reporter-output>
  <suite started-at="2023-12-07T20:20:14 IST" name="Default suite" finished-at="2023-12-07T20:20:17 IST" duration-ms="2688">
    <groups>
    </groups>
    <test started-at="2023-12-07T20:20:14 IST" name="Default test" finished-at="2023-12-07T20:20:17 IST" duration-ms="2688">
      <class name="tests.SchemaValidation">
        <test-method signature="xmlSchemaValidation()[pri:0, instance:tests.SchemaValidation@3a44431a]" started-at="2023-12-07T20:20:14 IST" name="xmlSchemaValidation" finished-at="2023-12-07T20:20:17 IST" duration-ms="2601" status="PASS">
          <reporter-output>
          </reporter-output>
        </test-method> <!-- xmlSchemaValidation -->
      </class> <!-- tests.SchemaValidation -->
    </test> <!-- Default test -->
  </suite> <!-- Default suite -->
</testng-results>
